  main.cpp
  configs.cpp
C:\Users\lenovo\source\repos\SimpleShooterServer\src\configs.cpp(135,23): warning C4018: '<': signed/unsigned mismatch
C:\Users\lenovo\source\repos\SimpleShooterServer\src\configs.cpp(136,24): warning C4018: '<': signed/unsigned mismatch
  player.cpp
C:\Users\lenovo\source\repos\SimpleShooterServer\src\player.cpp(33,22): warning C4244: '=': conversion from 'unsigned int' to 'float', possible loss of data
C:\Users\lenovo\source\repos\SimpleShooterServer\src\player.cpp(34,22): warning C4244: '=': conversion from 'unsigned int' to 'float', possible loss of data
C:\Users\lenovo\source\repos\SimpleShooterServer\src\player.cpp(35,26): warning C4244: 'argument': conversion from 'float' to 'const unsigned int', possible loss of data
C:\Users\lenovo\source\repos\SimpleShooterServer\src\player.cpp(35,33): warning C4244: 'argument': conversion from 'float' to 'unsigned int', possible loss of data
C:\Users\lenovo\source\repos\SimpleShooterServer\src\player.cpp(37,32): warning C4244: '=': conversion from 'unsigned int' to 'float', possible loss of data
  server_game.cpp
C:\Users\lenovo\source\repos\SimpleShooterServer\src\server_game.cpp(120,49): warning C4244: '+=': conversion from 'double' to 'float', possible loss of data
C:\Users\lenovo\source\repos\SimpleShooterServer\src\server_game.cpp(121,49): warning C4244: '+=': conversion from 'double' to 'float', possible loss of data
C:\Users\lenovo\source\repos\SimpleShooterServer\src\server_game.cpp(184,30): warning C4018: '<': signed/unsigned mismatch
C:\Users\lenovo\source\repos\SimpleShooterServer\src\server_game.cpp(185,34): warning C4018: '<': signed/unsigned mismatch
C:\Users\lenovo\source\repos\SimpleShooterServer\src\server_game.cpp(312,22): warning C4018: '<': signed/unsigned mismatch
C:\Users\lenovo\source\repos\SimpleShooterServer\src\server_game.cpp(345,51): warning C4834: discarding return value of function with 'nodiscard' attribute
  server_network.cpp
  Generating code
  Previous IPDB not found, fall back to full compilation.
  All 2264 functions were compiled because no usable IPDB/IOBJ from previous compilation was found.
  Finished generating code
  SimpleShooterServer.vcxproj -> C:\Users\lenovo\source\repos\Simple Shooter\Release\SimpleShooterServer.exe
